1643532982539	geckodriver	INFO	Listening on 127.0.0.1:49712
1643532985620	mozrunner::runner	INFO	Running command: "C:\\Program Files\\Mozilla Firefox\\firefox.exe" "--marionette" "--remote-debugging-port" "49713" "-no-remote" "-profile" "C:\\Users\\ferre\\AppData\\Local\\Temp\\rust_mozprofileFLQyLd"
1643532986676	Marionette	INFO	Marionette enabled
console.warn: SearchSettings: "get: No settings file exists, new profile?" (new NotFoundError("Could not open the file at C:\\Users\\ferre\\AppData\\Local\\Temp\\rust_mozprofileFLQyLd\\search.json.mozlz4", (void 0)))
DevTools listening on ws://localhost:49713/devtools/browser/369c6cbc-69a6-46b2-9bf2-95e030c5a902
1643532990240	Marionette	INFO	Listening on port 49721
1643532990449	RemoteAgent	WARN	TLS certificate errors will be ignored for this session
1643533004195	Marionette	INFO	Stopped listening on port 49721
JavaScript error: resource:///modules/Interactions.jsm, line 230: NS_ERROR_FAILURE: Component returned failure code: 0x80004005 (NS_ERROR_FAILURE) [nsIUserIdleService.removeIdleObserver]
JavaScript error: chrome://remote/content/marionette/cert.js, line 55: NS_ERROR_NOT_AVAILABLE: Component returned failure code: 0x80040111 (NS_ERROR_NOT_AVAILABLE) [nsICertOverrideService.setDisableAllSecurityChecksAndLetAttackersInterceptMyData]
1643533100976	geckodriver	INFO	Listening on 127.0.0.1:49871
1643533104057	mozrunner::runner	INFO	Running command: "C:\\Program Files\\Mozilla Firefox\\firefox.exe" "--marionette" "--remote-debugging-port" "49873" "-no-remote" "-profile" "C:\\Users\\ferre\\AppData\\Local\\Temp\\rust_mozprofilenwDM9e"
1643533104517	Marionette	INFO	Marionette enabled
console.warn: SearchSettings: "get: No settings file exists, new profile?" (new NotFoundError("Could not open the file at C:\\Users\\ferre\\AppData\\Local\\Temp\\rust_mozprofilenwDM9e\\search.json.mozlz4", (void 0)))
DevTools listening on ws://localhost:49873/devtools/browser/37158290-c3b5-4173-8080-17fd836c6ef7
1643533106820	Marionette	INFO	Listening on port 49880
1643533107241	RemoteAgent	WARN	TLS certificate errors will be ignored for this session
1643533109180	Marionette	INFO	Stopped listening on port 49880
JavaScript error: resource:///modules/Interactions.jsm, line 230: NS_ERROR_FAILURE: Component returned failure code: 0x80004005 (NS_ERROR_FAILURE) [nsIUserIdleService.removeIdleObserver]
JavaScript error: chrome://remote/content/marionette/cert.js, line 55: NS_ERROR_NOT_AVAILABLE: Component returned failure code: 0x80040111 (NS_ERROR_NOT_AVAILABLE) [nsICertOverrideService.setDisableAllSecurityChecksAndLetAttackersInterceptMyData]
JavaScript error: resource://gre/modules/AsyncShutdown.jsm, line 575: NotFoundError: No such JSWindowActor 'MarionetteEvents'
1643533267223	geckodriver	INFO	Listening on 127.0.0.1:50121
1643533270283	mozrunner::runner	INFO	Running command: "C:\\Program Files\\Mozilla Firefox\\firefox.exe" "--marionette" "--remote-debugging-port" "50122" "-no-remote" "-profile" "C:\\Users\\ferre\\AppData\\Local\\Temp\\rust_mozprofiled07lnU"
1643533270645	Marionette	INFO	Marionette enabled
console.warn: SearchSettings: "get: No settings file exists, new profile?" (new NotFoundError("Could not open the file at C:\\Users\\ferre\\AppData\\Local\\Temp\\rust_mozprofiled07lnU\\search.json.mozlz4", (void 0)))
DevTools listening on ws://localhost:50122/devtools/browser/713ef0b7-0e0c-48e1-b5be-cc3d3015650e
1643533272979	Marionette	INFO	Listening on port 50130
1643533273462	RemoteAgent	WARN	TLS certificate errors will be ignored for this session
1643533275946	Marionette	INFO	Stopped listening on port 50130
JavaScript error: resource:///modules/Interactions.jsm, line 230: NS_ERROR_FAILURE: Component returned failure code: 0x80004005 (NS_ERROR_FAILURE) [nsIUserIdleService.removeIdleObserver]
JavaScript error: chrome://remote/content/marionette/cert.js, line 55: NS_ERROR_NOT_AVAILABLE: Component returned failure code: 0x80040111 (NS_ERROR_NOT_AVAILABLE) [nsICertOverrideService.setDisableAllSecurityChecksAndLetAttackersInterceptMyData]
JavaScript error: resource://gre/modules/AsyncShutdown.jsm, line 575: NotFoundError: No such JSWindowActor 'MarionetteEvents'
1643533338859	geckodriver	INFO	Listening on 127.0.0.1:50215
1643533341911	mozrunner::runner	INFO	Running command: "C:\\Program Files\\Mozilla Firefox\\firefox.exe" "--marionette" "--remote-debugging-port" "50216" "-no-remote" "-profile" "C:\\Users\\ferre\\AppData\\Local\\Temp\\rust_mozprofilefyz7sE"
1643533342288	Marionette	INFO	Marionette enabled
console.warn: SearchSettings: "get: No settings file exists, new profile?" (new NotFoundError("Could not open the file at C:\\Users\\ferre\\AppData\\Local\\Temp\\rust_mozprofilefyz7sE\\search.json.mozlz4", (void 0)))
DevTools listening on ws://localhost:50216/devtools/browser/fb21eda7-2392-4db1-b745-a50339d28238
1643533344764	Marionette	INFO	Listening on port 50225
1643533345104	RemoteAgent	WARN	TLS certificate errors will be ignored for this session
1643533347703	Marionette	INFO	Stopped listening on port 50225
JavaScript error: resource:///modules/Interactions.jsm, line 230: NS_ERROR_FAILURE: Component returned failure code: 0x80004005 (NS_ERROR_FAILURE) [nsIUserIdleService.removeIdleObserver]
JavaScript error: chrome://remote/content/marionette/cert.js, line 55: NS_ERROR_NOT_AVAILABLE: Component returned failure code: 0x80040111 (NS_ERROR_NOT_AVAILABLE) [nsICertOverrideService.setDisableAllSecurityChecksAndLetAttackersInterceptMyData]
JavaScript error: resource://gre/modules/AsyncShutdown.jsm, line 575: NotFoundError: No such JSWindowActor 'MarionetteEvents'
1643533410115	geckodriver	INFO	Listening on 127.0.0.1:50318
1643533413175	mozrunner::runner	INFO	Running command: "C:\\Program Files\\Mozilla Firefox\\firefox.exe" "--marionette" "--remote-debugging-port" "50319" "-no-remote" "-profile" "C:\\Users\\ferre\\AppData\\Local\\Temp\\rust_mozprofileP3Euv6"
1643533413558	Marionette	INFO	Marionette enabled
console.warn: SearchSettings: "get: No settings file exists, new profile?" (new NotFoundError("Could not open the file at C:\\Users\\ferre\\AppData\\Local\\Temp\\rust_mozprofileP3Euv6\\search.json.mozlz4", (void 0)))
DevTools listening on ws://localhost:50319/devtools/browser/4a35998d-7776-4494-b483-f8332e74d948
1643533415874	Marionette	INFO	Listening on port 50327
1643533416351	RemoteAgent	WARN	TLS certificate errors will be ignored for this session
1643533417766	Marionette	INFO	Stopped listening on port 50327
JavaScript error: resource:///modules/Interactions.jsm, line 230: NS_ERROR_FAILURE: Component returned failure code: 0x80004005 (NS_ERROR_FAILURE) [nsIUserIdleService.removeIdleObserver]
JavaScript error: chrome://remote/content/marionette/cert.js, line 55: NS_ERROR_NOT_AVAILABLE: Component returned failure code: 0x80040111 (NS_ERROR_NOT_AVAILABLE) [nsICertOverrideService.setDisableAllSecurityChecksAndLetAttackersInterceptMyData]
JavaScript error: resource://gre/modules/AsyncShutdown.jsm, line 575: NotFoundError: No such JSWindowActor 'MarionetteEvents'
1643533512439	geckodriver	INFO	Listening on 127.0.0.1:50500
1643533515462	mozrunner::runner	INFO	Running command: "C:\\Program Files\\Mozilla Firefox\\firefox.exe" "--marionette" "--remote-debugging-port" "50501" "-no-remote" "-profile" "C:\\Users\\ferre\\AppData\\Local\\Temp\\rust_mozprofileOGmOKP"
1643533515839	Marionette	INFO	Marionette enabled
console.warn: SearchSettings: "get: No settings file exists, new profile?" (new NotFoundError("Could not open the file at C:\\Users\\ferre\\AppData\\Local\\Temp\\rust_mozprofileOGmOKP\\search.json.mozlz4", (void 0)))
DevTools listening on ws://localhost:50501/devtools/browser/19e2691a-0f77-4b07-865f-4a53e9c4ce05
1643533518173	Marionette	INFO	Listening on port 50508
1643533518634	RemoteAgent	WARN	TLS certificate errors will be ignored for this session
1643533519709	Marionette	INFO	Stopped listening on port 50508
JavaScript error: resource:///modules/Interactions.jsm, line 230: NS_ERROR_FAILURE: Component returned failure code: 0x80004005 (NS_ERROR_FAILURE) [nsIUserIdleService.removeIdleObserver]
JavaScript error: chrome://remote/content/marionette/cert.js, line 55: NS_ERROR_NOT_AVAILABLE: Component returned failure code: 0x80040111 (NS_ERROR_NOT_AVAILABLE) [nsICertOverrideService.setDisableAllSecurityChecksAndLetAttackersInterceptMyData]
JavaScript error: resource://gre/modules/AsyncShutdown.jsm, line 575: NotFoundError: No such JSWindowActor 'MarionetteEvents'
1643533589711	geckodriver	INFO	Listening on 127.0.0.1:50610
1643533592749	mozrunner::runner	INFO	Running command: "C:\\Program Files\\Mozilla Firefox\\firefox.exe" "--marionette" "--remote-debugging-port" "50611" "-no-remote" "-profile" "C:\\Users\\ferre\\AppData\\Local\\Temp\\rust_mozprofiletBPCsw"
1643533593163	Marionette	INFO	Marionette enabled
console.warn: SearchSettings: "get: No settings file exists, new profile?" (new NotFoundError("Could not open the file at C:\\Users\\ferre\\AppData\\Local\\Temp\\rust_mozprofiletBPCsw\\search.json.mozlz4", (void 0)))
DevTools listening on ws://localhost:50611/devtools/browser/a0a9e974-bc82-4230-a5b6-fc848b5e5144
1643533595634	Marionette	INFO	Listening on port 50618
1643533595905	RemoteAgent	WARN	TLS certificate errors will be ignored for this session
1643533600140	Marionette	INFO	Stopped listening on port 50618
JavaScript error: resource:///modules/Interactions.jsm, line 230: NS_ERROR_FAILURE: Component returned failure code: 0x80004005 (NS_ERROR_FAILURE) [nsIUserIdleService.removeIdleObserver]
JavaScript error: chrome://remote/content/marionette/cert.js, line 55: NS_ERROR_NOT_AVAILABLE: Component returned failure code: 0x80040111 (NS_ERROR_NOT_AVAILABLE) [nsICertOverrideService.setDisableAllSecurityChecksAndLetAttackersInterceptMyData]
1643533669098	geckodriver	INFO	Listening on 127.0.0.1:50772
1643533672180	mozrunner::runner	INFO	Running command: "C:\\Program Files\\Mozilla Firefox\\firefox.exe" "--marionette" "--remote-debugging-port" "50773" "-no-remote" "-profile" "C:\\Users\\ferre\\AppData\\Local\\Temp\\rust_mozprofilegdhDlO"
1643533672551	Marionette	INFO	Marionette enabled
console.warn: SearchSettings: "get: No settings file exists, new profile?" (new NotFoundError("Could not open the file at C:\\Users\\ferre\\AppData\\Local\\Temp\\rust_mozprofilegdhDlO\\search.json.mozlz4", (void 0)))
DevTools listening on ws://localhost:50773/devtools/browser/c1188642-fda8-4921-919f-fcef4bedd64e
1643533675612	Marionette	INFO	Listening on port 50781
1643533675868	RemoteAgent	WARN	TLS certificate errors will be ignored for this session
JavaScript error: resource:///actors/FormValidationChild.jsm, line 177: TypeError: this._element is null
JavaScript error: resource://gre/actors/AutoCompleteChild.jsm, line 125: Error: Invalid autocomplete selectedIndex
1643533677697	Marionette	INFO	Stopped listening on port 50781
JavaScript error: resource:///modules/Interactions.jsm, line 230: NS_ERROR_FAILURE: Component returned failure code: 0x80004005 (NS_ERROR_FAILURE) [nsIUserIdleService.removeIdleObserver]

###!!! [Parent][MessageChannel] Error: (msgtype=0x390077,name=PContent::Msg_DestroyBrowsingContextGroup) Closed channel: cannot send/recv

JavaScript error: resource://gre/modules/Sqlite.jsm, line 1030: Error: Sqlite.jsm has been shutdown. Cannot open connection to: C:\Users\ferre\AppData\Local\Temp\rust_mozprofilegdhDlO\protections.sqlite
1643533733407	geckodriver	INFO	Listening on 127.0.0.1:50878
1643533736469	mozrunner::runner	INFO	Running command: "C:\\Program Files\\Mozilla Firefox\\firefox.exe" "--marionette" "--remote-debugging-port" "50879" "-no-remote" "-profile" "C:\\Users\\ferre\\AppData\\Local\\Temp\\rust_mozprofileTTWw6M"
1643533736835	Marionette	INFO	Marionette enabled
console.warn: SearchSettings: "get: No settings file exists, new profile?" (new NotFoundError("Could not open the file at C:\\Users\\ferre\\AppData\\Local\\Temp\\rust_mozprofileTTWw6M\\search.json.mozlz4", (void 0)))
DevTools listening on ws://localhost:50879/devtools/browser/0f841aa1-8f67-4378-a0f2-de6abd0bbfb0
1643533739239	Marionette	INFO	Listening on port 50886
1643533739667	RemoteAgent	WARN	TLS certificate errors will be ignored for this session
JavaScript error: resource:///actors/FormValidationChild.jsm, line 177: TypeError: this._element is null
JavaScript error: resource://gre/actors/AutoCompleteChild.jsm, line 125: Error: Invalid autocomplete selectedIndex
1643533741482	Marionette	INFO	Stopped listening on port 50886
JavaScript error: resource:///modules/Interactions.jsm, line 230: NS_ERROR_FAILURE: Component returned failure code: 0x80004005 (NS_ERROR_FAILURE) [nsIUserIdleService.removeIdleObserver]

###!!! [Parent][MessageChannel] Error: (msgtype=0x390077,name=PContent::Msg_DestroyBrowsingContextGroup) Closed channel: cannot send/recv

JavaScript error: resource://gre/modules/Sqlite.jsm, line 1030: Error: Sqlite.jsm has been shutdown. Cannot open connection to: C:\Users\ferre\AppData\Local\Temp\rust_mozprofileTTWw6M\protections.sqlite
